<?xml version="1.0" encoding="UTF-8"?>
<!-- Generated by org.testng.reporters.JUnitReportReporter -->
<testsuite skipped="2" hostname="VINOTH" name="com.TestNG.Test_Project" tests="3" failures="0" timestamp="2023-01-23T10:18:37 IST" time="0.048" errors="0">
  <testcase name="login" time="0.048" classname="com.TestNG.Test_Project"/>
  <system-out/>
  <testcase name="user_Login" classname="com.TestNG.Test_Project">
    <skipped/>
  </testcase> <!-- user_Login -->
  <system-out/>
  <testcase name="logout" classname="com.TestNG.Test_Project">
    <skipped/>
  </testcase> <!-- logout -->
  <system-out/>
</testsuite> <!-- com.TestNG.Test_Project -->
