<?xml version="1.0" encoding="UTF-8"?>
<!-- Generated by org.testng.reporters.JUnitReportReporter -->
<testsuite skipped="0" hostname="VINOTH" name="com.TestNG.Parallel_Testing" tests="3" failures="0" timestamp="2023-01-24T13:45:15 IST" time="39.239" errors="0">
  <testcase name="flipkart" time="12.886" classname="com.TestNG.Parallel_Testing"/>
  <system-out/>
  <testcase name="edge" time="11.272" classname="com.TestNG.Parallel_Testing"/>
  <system-out/>
  <testcase name="amazon" time="15.081" classname="com.TestNG.Parallel_Testing"/>
  <system-out/>
</testsuite> <!-- com.TestNG.Parallel_Testing -->
